<?xml version="1.0" encoding="UTF-8"?>
<!-- Generated by org.testng.reporters.JUnitReportReporter -->
<testsuite name="com.readFile.DataProviderWithExcel" tests="4" time="3.797" ignored="0" failures="0" timestamp="20 Jun 2021 17:05:39 GMT" skipped="0" hostname="Neha-PC" errors="0">
  <testcase name="testPage" time="0.300" classname="com.readFile.DataProviderWithExcel"/>
  <testcase name="testPage" time="0.237" classname="com.readFile.DataProviderWithExcel"/>
  <testcase name="testPage" time="0.330" classname="com.readFile.DataProviderWithExcel"/>
  <testcase name="testPage" time="2.930" classname="com.readFile.DataProviderWithExcel"/>
</testsuite> <!-- com.readFile.DataProviderWithExcel -->
