<?xml version="1.0" encoding="UTF-8"?>
<!-- Generated by org.testng.reporters.JUnitReportReporter -->
<testsuite name="com.readFile.LogInwithDataFromExcel" tests="1" time="13.365" ignored="0" failures="0" timestamp="20 Jun 2021 15:31:26 GMT" skipped="0" hostname="Neha-PC" errors="0">
  <testcase name="login" time="13.365" classname="com.readFile.LogInwithDataFromExcel"/>
</testsuite> <!-- com.readFile.LogInwithDataFromExcel -->
